<?xml version="1.0" encoding="UTF-8"?>
<testng-results ignored="0" total="1" passed="1" failed="0" skipped="0">
  <reporter-output>
  </reporter-output>
  <suite started-at="2022-08-04T18:08:35 IST" name="Default suite" finished-at="2022-08-04T18:08:51 IST" duration-ms="16038">
    <groups>
    </groups>
    <test started-at="2022-08-04T18:08:35 IST" name="Default test" finished-at="2022-08-04T18:08:51 IST" duration-ms="16038">
      <class name="com.crm.createUser.CreateAUserAndVerifyTest">
        <test-method is-config="true" signature="launchTheBrowser()[pri:0, instance:com.crm.createUser.CreateAUserAndVerifyTest@2ddc9a9f]" started-at="2022-08-04T18:08:35 IST" name="launchTheBrowser" finished-at="2022-08-04T18:08:46 IST" duration-ms="10791" status="PASS">
          <reporter-output>
          </reporter-output>
        </test-method> <!-- launchTheBrowser -->
        <test-method signature="createAUserAndVerifyTest()[pri:0, instance:com.crm.createUser.CreateAUserAndVerifyTest@2ddc9a9f]" started-at="2022-08-04T18:08:46 IST" name="createAUserAndVerifyTest" finished-at="2022-08-04T18:08:50 IST" duration-ms="4309" status="PASS">
          <reporter-output>
          </reporter-output>
        </test-method> <!-- createAUserAndVerifyTest -->
        <test-method is-config="true" signature="closeTheBrowser()[pri:0, instance:com.crm.createUser.CreateAUserAndVerifyTest@2ddc9a9f]" started-at="2022-08-04T18:08:50 IST" name="closeTheBrowser" finished-at="2022-08-04T18:08:51 IST" duration-ms="860" status="PASS">
          <reporter-output>
          </reporter-output>
        </test-method> <!-- closeTheBrowser -->
      </class> <!-- com.crm.createUser.CreateAUserAndVerifyTest -->
    </test> <!-- Default test -->
  </suite> <!-- Default suite -->
</testng-results>
