<?xml version="1.0" encoding="UTF-8"?>
<testng-results ignored="0" total="1" passed="1" failed="0" skipped="0">
  <reporter-output>
    <line>
      <![CDATA[# Ticket Id Issue Description Admin Remark Reg Date Remark date
1 #TKT-11 Booking Issues booking issues inmanali issue solved just check once again 2022-08-03 18:06:43 2022-08-03 18:08:46
2 #TKT-22 Cancellation booking issues inmanali 2022-08-09 17:15:56
3 #TKT-32 Cancellation booking issues please check and clarify 2022-08-10 11:19:08
4 #TKT-33 Cancellation cancellation 2022-08-10 11:19:55
5 #TKT-34 Cancellation booking issues please check and clarify 2022-08-10 11:46:47
6 #TKT-39 Cancellation booking issues please check and clarify 2022-08-10 17:58:15]]>
    </line>
  </reporter-output>
  <suite started-at="2022-08-10T17:58:04 IST" name="Default suite" finished-at="2022-08-10T17:58:22 IST" duration-ms="18405">
    <groups>
    </groups>
    <test started-at="2022-08-10T17:58:04 IST" name="Default test" finished-at="2022-08-10T17:58:22 IST" duration-ms="18405">
      <class name="com.crm.dashBoard.TocreateVerifyissuesTest">
        <test-method is-config="true" signature="dbConfig()[pri:0, instance:com.crm.dashBoard.TocreateVerifyissuesTest@4c60d6e9]" started-at="2022-08-10T17:58:04 IST" name="dbConfig" finished-at="2022-08-10T17:58:04 IST" duration-ms="19" status="PASS">
          <reporter-output>
          </reporter-output>
        </test-method> <!-- dbConfig -->
        <test-method is-config="true" signature="launchTheBrowser()[pri:0, instance:com.crm.dashBoard.TocreateVerifyissuesTest@4c60d6e9]" started-at="2022-08-10T17:58:04 IST" name="launchTheBrowser" finished-at="2022-08-10T17:58:08 IST" duration-ms="4047" status="PASS">
          <reporter-output>
          </reporter-output>
        </test-method> <!-- launchTheBrowser -->
        <test-method signature="tocreateVerifyissuesInUserTest()[pri:0, instance:com.crm.dashBoard.TocreateVerifyissuesTest@4c60d6e9]" started-at="2022-08-10T17:58:08 IST" name="tocreateVerifyissuesInUserTest" finished-at="2022-08-10T17:58:22 IST" duration-ms="13909" status="PASS">
          <reporter-output>
            <line>
              <![CDATA[# Ticket Id Issue Description Admin Remark Reg Date Remark date
1 #TKT-11 Booking Issues booking issues inmanali issue solved just check once again 2022-08-03 18:06:43 2022-08-03 18:08:46
2 #TKT-22 Cancellation booking issues inmanali 2022-08-09 17:15:56
3 #TKT-32 Cancellation booking issues please check and clarify 2022-08-10 11:19:08
4 #TKT-33 Cancellation cancellation 2022-08-10 11:19:55
5 #TKT-34 Cancellation booking issues please check and clarify 2022-08-10 11:46:47
6 #TKT-39 Cancellation booking issues please check and clarify 2022-08-10 17:58:15]]>
            </line>
          </reporter-output>
        </test-method> <!-- tocreateVerifyissuesInUserTest -->
        <test-method is-config="true" signature="closeTheBrowser()[pri:0, instance:com.crm.dashBoard.TocreateVerifyissuesTest@4c60d6e9]" started-at="2022-08-10T17:58:22 IST" name="closeTheBrowser" finished-at="2022-08-10T17:58:22 IST" duration-ms="373" status="PASS">
          <reporter-output>
          </reporter-output>
        </test-method> <!-- closeTheBrowser -->
        <test-method is-config="true" signature="closeDBconfig()[pri:0, instance:com.crm.dashBoard.TocreateVerifyissuesTest@4c60d6e9]" started-at="2022-08-10T17:58:22 IST" name="closeDBconfig" finished-at="2022-08-10T17:58:22 IST" duration-ms="1" status="PASS">
          <reporter-output>
          </reporter-output>
        </test-method> <!-- closeDBconfig -->
      </class> <!-- com.crm.dashBoard.TocreateVerifyissuesTest -->
    </test> <!-- Default test -->
  </suite> <!-- Default suite -->
</testng-results>
